# JRE version: OpenJDK Runtime Environment Microsoft-11369940 (21.0.7+6) (build 21.0.7+6-LTS)
# Java VM: OpenJDK 64-Bit Server VM Microsoft-11369940 (21.0.7+6-LTS, mixed mode, sharing, tiered, compressed oops, compressed class ptrs, g1 gc, windows-amd64)
GC Precious Log:
 CardTable entry size: 512
 Card Set container configuration: InlinePtr #cards 5 size 8 Array Of Cards #cards 12 size 40 Howl #buckets 4 coarsen threshold 1843 Howl Bitmap #cards 512 size 80 coarsen threshold 460 Card regions per heap region 1 cards per card region 2048
 CPUs: 12 total, 12 available
 Memory: 16108M
 Large Page Support: Disabled
 NUMA Support: Disabled
 Compressed Oops: Enabled (32-bit)
 Heap Region Size: 1M
 Heap Min Capacity: 8M
 Heap Initial Capacity: 252M
 Heap Max Capacity: 512M
 Pre-touch: Disabled
 Parallel Workers: 10
 Concurrent Workers: 3
 Concurrent Refinement Workers: 10
 Periodic GC: Disabled
Heap:
 garbage-first heap   total 104448K, used 47733K [0x00000000e0000000, 0x0000000100000000)
  region size 1024K, 19 young (19456K), 6 survivors (6144K)
 Metaspace       used 34046K, committed 34496K, reserved 1114112K
  class space    used 3789K, committed 3968K, reserved 1048576K
GC Heap History (10 events):
Event: 0.429 GC heap before
{Heap before GC invocations=0 (full 0):
 garbage-first heap   total 258048K, used 23552K [0x00000000e0000000, 0x0000000100000000)
  region size 1024K, 23 young (23552K), 0 survivors (0K)
 Metaspace       used 8227K, committed 8384K, reserved 1114112K
  class space    used 747K, committed 832K, reserved 1048576K
}
Event: 0.432 GC heap after
{Heap after GC invocations=1 (full 0):
 garbage-first heap   total 258048K, used 4693K [0x00000000e0000000, 0x0000000100000000)
  region size 1024K, 3 young (3072K), 3 survivors (3072K)
 Metaspace       used 8227K, committed 8384K, reserved 1114112K
  class space    used 747K, committed 832K, reserved 1048576K
}
Event: 1.011 GC heap before
{Heap before GC invocations=1 (full 0):
 garbage-first heap   total 258048K, used 39509K [0x00000000e0000000, 0x0000000100000000)
  region size 1024K, 37 young (37888K), 3 survivors (3072K)
 Metaspace       used 16164K, committed 16384K, reserved 1114112K
  class space    used 1620K, committed 1728K, reserved 1048576K
}
Event: 1.016 GC heap after
{Heap after GC invocations=2 (full 0):
 garbage-first heap   total 258048K, used 10051K [0x00000000e0000000, 0x0000000100000000)
  region size 1024K, 5 young (5120K), 5 survivors (5120K)
 Metaspace       used 16164K, committed 16384K, reserved 1114112K
  class space    used 1620K, committed 1728K, reserved 1048576K
}
Event: 1.725 GC heap before
{Heap before GC invocations=2 (full 0):
 garbage-first heap   total 258048K, used 109379K [0x00000000e0000000, 0x0000000100000000)
  region size 1024K, 103 young (105472K), 5 survivors (5120K)
 Metaspace       used 21244K, committed 21504K, reserved 1114112K
  class space    used 2089K, committed 2240K, reserved 1048576K
}
Event: 1.732 GC heap after
{Heap after GC invocations=3 (full 0):
 garbage-first heap   total 258048K, used 22947K [0x00000000e0000000, 0x0000000100000000)
  region size 1024K, 18 young (18432K), 18 survivors (18432K)
 Metaspace       used 21244K, committed 21504K, reserved 1114112K
  class space    used 2089K, committed 2240K, reserved 1048576K
}
Event: 2.351 GC heap before
{Heap before GC invocations=4 (full 0):
 garbage-first heap   total 78848K, used 78243K [0x00000000e0000000, 0x0000000100000000)
  region size 1024K, 72 young (73728K), 18 survivors (18432K)
 Metaspace       used 24695K, committed 25024K, reserved 1114112K
  class space    used 2591K, committed 2752K, reserved 1048576K
}
Event: 2.358 GC heap after
{Heap after GC invocations=5 (full 0):
 garbage-first heap   total 104448K, used 29691K [0x00000000e0000000, 0x0000000100000000)
  region size 1024K, 7 young (7168K), 7 survivors (7168K)
 Metaspace       used 24695K, committed 25024K, reserved 1114112K
  class space    used 2591K, committed 2752K, reserved 1048576K
}
Event: 4.204 GC heap before
{Heap before GC invocations=5 (full 0):
 garbage-first heap   total 104448K, used 83963K [0x00000000e0000000, 0x0000000100000000)
  region size 1024K, 60 young (61440K), 7 survivors (7168K)
 Metaspace       used 32614K, committed 33024K, reserved 1114112K
  class space    used 3576K, committed 3776K, reserved 1048576K
}
Event: 4.208 GC heap after
{Heap after GC invocations=6 (full 0):
 garbage-first heap   total 104448K, used 35445K [0x00000000e0000000, 0x0000000100000000)
  region size 1024K, 6 young (6144K), 6 survivors (6144K)
 Metaspace       used 32614K, committed 33024K, reserved 1114112K
  class space    used 3576K, committed 3776K, reserved 1048576K
}

